<?xml version="1.0" encoding="UTF-8"?>
<!-- Generated by org.testng.reporters.JUnitReportReporter -->
<testsuite hostname="WIN7ULTI32BIT" name="upload.FileuploadDialog" tests="1" failures="0" timestamp="28 Dec 2016 11:23:05 GMT" time="23.532" errors="0">
  <testcase name="main" time="23.532" classname="upload.FileuploadDialog"/>
</testsuite> <!-- upload.FileuploadDialog -->
